
Cadence Innovus(TM) Implementation System.
Copyright 2020 Cadence Design Systems, Inc. All rights reserved worldwide.

Version:	v20.11-s130_1, built Wed Aug 5 15:53:11 PDT 2020
Options:	
Date:		Thu Jun 15 18:31:47 2023
Host:		localhost.localdomain (x86_64 w/Linux 3.10.0-957.5.1.el7.x86_64) (1core*12cpus*Intel Core i7 9xx (Nehalem Class Core i7) 4096KB)
OS:		CentOS Linux release 7.6.1810 (Core) 

License:
		invs	Innovus Implementation System	20.1	checkout succeeded
		8 CPU jobs allowed with the current license(s). Use setMultiCpuUsage to set your required CPU count.
Change the soft stacksize limit to 0.2%RAM (128 mbytes). Set global soft_stack_size_limit to change the value.

**INFO:  MMMC transition support version v31-84 

<CMD> set_global _enable_mmmc_by_default_flow      $CTE::mmmc_default
<CMD> suppressMessage ENCEXT-2799
<CMD> win
<CMD> set defHierChar /
Set Default Input Pin Transition as 0.1 ps.
<CMD> set delaycal_input_transition_delay 0.1ps
<CMD> set fpIsMaxIoHeight 0
<CMD> set init_gnd_net gnd
<CMD> set init_mmmc_file Default.view
<CMD> set init_oa_search_lib {}
<CMD> set init_pwr_net vdd
<CMD> set init_verilog ADD.v
<CMD> set init_lef_file /eda/dk/nangate45/lef/NangateOpenCellLibrary.lef
<CMD> init_design
#% Begin Load MMMC data ... (date=06/15 18:37:24, mem=635.2M)
**ERROR: (TCLCMD-989):	cannot open SDC file 'ADD.sdc' for mode 'coherent-synthesis'
<CMD> init_design
% Begin Load MMMC data ... (date=06/15 18:37:29, mem=635.3M)
Extraction setup Started 
Extraction setup Started 
Extraction setup Started 
**ERROR: (TCLCMD-989):	cannot open SDC file 'ADD.sdc' for mode 'coherent-synthesis'
<CMD> init_design
% Begin Load MMMC data ... (date=06/15 18:37:35, mem=635.5M)
Extraction setup Started 
Extraction setup Started 
Extraction setup Started 
**ERROR: (TCLCMD-989):	cannot open SDC file 'ADD.sdc' for mode 'coherent-synthesis'
<CMD> init_design
% Begin Load MMMC data ... (date=06/15 18:37:35, mem=635.5M)
Extraction setup Started 
Extraction setup Started 
Extraction setup Started 
**ERROR: (TCLCMD-989):	cannot open SDC file 'ADD.sdc' for mode 'coherent-synthesis'
<CMD> init_design
% Begin Load MMMC data ... (date=06/15 18:37:37, mem=635.5M)
Extraction setup Started 
Extraction setup Started 
Extraction setup Started 
**ERROR: (TCLCMD-989):	cannot open SDC file 'ADD.sdc' for mode 'coherent-synthesis'
<CMD> init_design
% Begin Load MMMC data ... (date=06/15 18:37:40, mem=635.5M)
Extraction setup Started 
Extraction setup Started 
Extraction setup Started 
**ERROR: (TCLCMD-989):	cannot open SDC file 'ADD.sdc' for mode 'coherent-synthesis'
<CMD> init_design
% Begin Load MMMC data ... (date=06/15 18:37:41, mem=635.5M)
Extraction setup Started 
Extraction setup Started 
Extraction setup Started 
**ERROR: (TCLCMD-989):	cannot open SDC file 'ADD.sdc' for mode 'coherent-synthesis'
<CMD> init_design
% Begin Load MMMC data ... (date=06/15 18:37:42, mem=635.5M)
Extraction setup Started 
Extraction setup Started 
Extraction setup Started 
**ERROR: (TCLCMD-989):	cannot open SDC file 'ADD.sdc' for mode 'coherent-synthesis'
<CMD> init_design
% Begin Load MMMC data ... (date=06/15 18:37:44, mem=635.5M)
Extraction setup Started 
Extraction setup Started 
Extraction setup Started 
**ERROR: (TCLCMD-989):	cannot open SDC file 'ADD.sdc' for mode 'coherent-synthesis'
<CMD> init_design
% Begin Load MMMC data ... (date=06/15 18:37:44, mem=635.5M)
Extraction setup Started 
Extraction setup Started 
Extraction setup Started 
**ERROR: (TCLCMD-989):	cannot open SDC file 'ADD.sdc' for mode 'coherent-synthesis'
<CMD> init_design
% Begin Load MMMC data ... (date=06/15 18:37:48, mem=635.5M)
Extraction setup Started 
Extraction setup Started 
Extraction setup Started 
**ERROR: (TCLCMD-989):	cannot open SDC file 'ADD.sdc' for mode 'coherent-synthesis'
<CMD> init_design
% Begin Load MMMC data ... (date=06/15 18:37:49, mem=635.5M)
Extraction setup Started 
Extraction setup Started 
Extraction setup Started 
**ERROR: (TCLCMD-989):	cannot open SDC file 'ADD.sdc' for mode 'coherent-synthesis'
<CMD> init_design
% Begin Load MMMC data ... (date=06/15 18:37:50, mem=635.5M)
Extraction setup Started 
Extraction setup Started 
Extraction setup Started 
**ERROR: (TCLCMD-989):	cannot open SDC file 'ADD.sdc' for mode 'coherent-synthesis'
<CMD> init_design
% Begin Load MMMC data ... (date=06/15 18:37:50, mem=635.5M)
Extraction setup Started 
Extraction setup Started 
Extraction setup Started 
**ERROR: (TCLCMD-989):	cannot open SDC file 'ADD.sdc' for mode 'coherent-synthesis'
<CMD> init_design
% Begin Load MMMC data ... (date=06/15 18:37:56, mem=635.5M)
Extraction setup Started 
Extraction setup Started 
Extraction setup Started 
**ERROR: (TCLCMD-989):	cannot open SDC file 'ADD.sdc' for mode 'coherent-synthesis'
<CMD> init_design
% Begin Load MMMC data ... (date=06/15 18:37:56, mem=635.5M)
Extraction setup Started 
Extraction setup Started 
Extraction setup Started 
**ERROR: (TCLCMD-989):	cannot open SDC file 'ADD.sdc' for mode 'coherent-synthesis'
<CMD> init_design
% Begin Load MMMC data ... (date=06/15 18:37:56, mem=635.5M)
Extraction setup Started 
Extraction setup Started 
Extraction setup Started 
**ERROR: (TCLCMD-989):	cannot open SDC file 'ADD.sdc' for mode 'coherent-synthesis'
<CMD> init_design
% Begin Load MMMC data ... (date=06/15 18:37:57, mem=635.5M)
Extraction setup Started 
Extraction setup Started 
Extraction setup Started 
**ERROR: (TCLCMD-989):	cannot open SDC file 'ADD.sdc' for mode 'coherent-synthesis'
<CMD> init_design
% Begin Load MMMC data ... (date=06/15 18:37:57, mem=635.5M)
Extraction setup Started 
Extraction setup Started 
Extraction setup Started 
**ERROR: (TCLCMD-989):	cannot open SDC file 'ADD.sdc' for mode 'coherent-synthesis'
<CMD> init_design
% Begin Load MMMC data ... (date=06/15 18:37:58, mem=635.6M)
Extraction setup Started 
Extraction setup Started 
Extraction setup Started 
**ERROR: (TCLCMD-989):	cannot open SDC file 'ADD.sdc' for mode 'coherent-synthesis'
<CMD> init_design
% Begin Load MMMC data ... (date=06/15 18:37:59, mem=635.6M)
Extraction setup Started 
Extraction setup Started 
Extraction setup Started 
<CMD> init_design
% Begin Load MMMC data ... (date=06/15 18:38:35, mem=635.9M)
Extraction setup Started 
Extraction setup Started 
Extraction setup Started 
<CMD> init_design
% Begin Load MMMC data ... (date=06/15 18:38:36, mem=635.9M)
Extraction setup Started 
Extraction setup Started 
Extraction setup Started 
<CMD> init_design
% Begin Load MMMC data ... (date=06/15 18:38:37, mem=635.9M)
Extraction setup Started 
Extraction setup Started 
Extraction setup Started 
<CMD> init_design
% Begin Load MMMC data ... (date=06/15 18:38:38, mem=635.9M)
Extraction setup Started 
Extraction setup Started 
Extraction setup Started 
<CMD> init_design
% Begin Load MMMC data ... (date=06/15 18:38:38, mem=635.9M)
Extraction setup Started 
Extraction setup Started 
Extraction setup Started 
<CMD> init_design
% Begin Load MMMC data ... (date=06/15 18:38:39, mem=635.9M)
Extraction setup Started 
Extraction setup Started 
Extraction setup Started 
<CMD> init_design
% Begin Load MMMC data ... (date=06/15 18:38:40, mem=635.9M)
Extraction setup Started 
Extraction setup Started 
Extraction setup Started 
<CMD> init_design
% Begin Load MMMC data ... (date=06/15 18:38:40, mem=635.9M)
Extraction setup Started 
Extraction setup Started 
Extraction setup Started 
<CMD> init_design
% Begin Load MMMC data ... (date=06/15 18:38:41, mem=635.9M)
Extraction setup Started 
Extraction setup Started 
Extraction setup Started 
<CMD> init_design
% Begin Load MMMC data ... (date=06/15 18:38:41, mem=635.9M)
Extraction setup Started 
Extraction setup Started 
Extraction setup Started 
<CMD> init_design
% Begin Load MMMC data ... (date=06/15 18:38:41, mem=635.9M)
Extraction setup Started 
Extraction setup Started 
Extraction setup Started 
<CMD> init_design
% Begin Load MMMC data ... (date=06/15 18:38:41, mem=635.9M)
Extraction setup Started 
Extraction setup Started 
Extraction setup Started 
<CMD> init_design
% Begin Load MMMC data ... (date=06/15 18:38:41, mem=636.0M)
Extraction setup Started 
Extraction setup Started 
Extraction setup Started 
<CMD> init_design
% Begin Load MMMC data ... (date=06/15 18:38:42, mem=636.0M)
Extraction setup Started 
Extraction setup Started 
Extraction setup Started 
<CMD> init_design
% Begin Load MMMC data ... (date=06/15 18:38:42, mem=636.0M)
Extraction setup Started 
Extraction setup Started 
Extraction setup Started 
<CMD> init_design
% Begin Load MMMC data ... (date=06/15 18:38:42, mem=636.0M)
Extraction setup Started 
Extraction setup Started 
Extraction setup Started 
<CMD> init_design
% Begin Load MMMC data ... (date=06/15 18:38:42, mem=636.1M)
Extraction setup Started 
Extraction setup Started 
Extraction setup Started 
<CMD> init_design
% Begin Load MMMC data ... (date=06/15 18:38:42, mem=636.1M)
Extraction setup Started 
Extraction setup Started 
Extraction setup Started 
<CMD> init_design
% Begin Load MMMC data ... (date=06/15 18:38:42, mem=636.1M)
Extraction setup Started 
Extraction setup Started 
Extraction setup Started 
<CMD> init_design
% Begin Load MMMC data ... (date=06/15 18:38:42, mem=636.2M)
Extraction setup Started 
Extraction setup Started 
Extraction setup Started 
<CMD> init_design
% Begin Load MMMC data ... (date=06/15 18:38:42, mem=636.2M)
Extraction setup Started 
Extraction setup Started 
Extraction setup Started 
<CMD> init_design
% Begin Load MMMC data ... (date=06/15 18:38:42, mem=636.2M)
Extraction setup Started 
Extraction setup Started 
Extraction setup Started 
<CMD> init_design
% Begin Load MMMC data ... (date=06/15 18:38:42, mem=636.2M)
Extraction setup Started 
Extraction setup Started 
Extraction setup Started 
<CMD> init_design
% Begin Load MMMC data ... (date=06/15 18:38:42, mem=636.3M)
Extraction setup Started 
Extraction setup Started 
Extraction setup Started 
<CMD> init_design
% Begin Load MMMC data ... (date=06/15 18:38:42, mem=636.3M)
Extraction setup Started 
Extraction setup Started 
Extraction setup Started 
<CMD> init_design
% Begin Load MMMC data ... (date=06/15 18:38:43, mem=636.3M)
Extraction setup Started 
Extraction setup Started 
Extraction setup Started 
<CMD> init_design
% Begin Load MMMC data ... (date=06/15 18:38:43, mem=636.4M)
Extraction setup Started 
Extraction setup Started 
Extraction setup Started 
<CMD> init_design
% Begin Load MMMC data ... (date=06/15 18:38:43, mem=636.4M)
Extraction setup Started 
Extraction setup Started 
Extraction setup Started 
<CMD> init_design
% Begin Load MMMC data ... (date=06/15 18:38:43, mem=636.4M)
Extraction setup Started 
Extraction setup Started 
Extraction setup Started 
<CMD> init_design
% Begin Load MMMC data ... (date=06/15 18:38:43, mem=636.5M)
Extraction setup Started 
Extraction setup Started 
Extraction setup Started 
<CMD> init_design
% Begin Load MMMC data ... (date=06/15 18:38:43, mem=636.5M)
Extraction setup Started 
Extraction setup Started 
Extraction setup Started 
<CMD> init_design
% Begin Load MMMC data ... (date=06/15 18:38:43, mem=636.5M)
Extraction setup Started 
Extraction setup Started 
Extraction setup Started 
<CMD> init_design
% Begin Load MMMC data ... (date=06/15 18:38:43, mem=636.6M)
Extraction setup Started 
Extraction setup Started 
Extraction setup Started 
<CMD> init_design
% Begin Load MMMC data ... (date=06/15 18:38:44, mem=636.6M)
Extraction setup Started 
Extraction setup Started 
Extraction setup Started 
<CMD> set defHierChar /
Set Default Input Pin Transition as 0.1 ps.
<CMD> set delaycal_input_transition_delay 0.1ps
<CMD> set fpIsMaxIoHeight 0
<CMD> set init_gnd_net gnd
<CMD> set init_mmmc_file Default.view
<CMD> set init_oa_search_lib {}
<CMD> set init_pwr_net vdd
<CMD> set init_verilog ADD.v
<CMD> set init_lef_file /eda/dk/nangate45/lef/NangateOpenCellLibrary.lef
<CMD> init_design
% Begin Load MMMC data ... (date=06/15 18:38:58, mem=637.5M)
Extraction setup Started 
Extraction setup Started 
Extraction setup Started 
<CMD> init_design
% Begin Load MMMC data ... (date=06/15 18:38:58, mem=637.5M)
Extraction setup Started 
Extraction setup Started 
Extraction setup Started 
<CMD> init_design
% Begin Load MMMC data ... (date=06/15 18:38:59, mem=637.5M)
Extraction setup Started 
Extraction setup Started 
Extraction setup Started 
<CMD> init_design
% Begin Load MMMC data ... (date=06/15 18:39:00, mem=637.5M)
Extraction setup Started 
Extraction setup Started 
Extraction setup Started 
<CMD> init_design
% Begin Load MMMC data ... (date=06/15 18:39:00, mem=637.5M)
Extraction setup Started 
Extraction setup Started 
Extraction setup Started 
<CMD> init_design
% Begin Load MMMC data ... (date=06/15 18:39:00, mem=637.5M)
Extraction setup Started 
Extraction setup Started 
Extraction setup Started 
<CMD> init_design
% Begin Load MMMC data ... (date=06/15 18:39:01, mem=637.5M)
Extraction setup Started 
Extraction setup Started 
Extraction setup Started 
<CMD> init_design
% Begin Load MMMC data ... (date=06/15 18:39:01, mem=637.5M)
Extraction setup Started 
Extraction setup Started 
Extraction setup Started 
<CMD> init_design
% Begin Load MMMC data ... (date=06/15 18:39:01, mem=637.5M)
Extraction setup Started 
Extraction setup Started 
Extraction setup Started 
<CMD> init_design
% Begin Load MMMC data ... (date=06/15 18:39:01, mem=637.5M)
Extraction setup Started 
Extraction setup Started 
Extraction setup Started 
<CMD> init_design
% Begin Load MMMC data ... (date=06/15 18:39:01, mem=637.6M)
Extraction setup Started 
Extraction setup Started 
Extraction setup Started 
<CMD> init_design
% Begin Load MMMC data ... (date=06/15 18:39:01, mem=637.6M)
Extraction setup Started 
Extraction setup Started 
Extraction setup Started 
<CMD> init_design
% Begin Load MMMC data ... (date=06/15 18:39:05, mem=637.6M)
Extraction setup Started 
Extraction setup Started 
Extraction setup Started 
<CMD> init_design
% Begin Load MMMC data ... (date=06/15 18:39:06, mem=637.6M)
Extraction setup Started 
Extraction setup Started 
Extraction setup Started 
<CMD> init_design
% Begin Load MMMC data ... (date=06/15 18:39:06, mem=637.6M)
Extraction setup Started 
Extraction setup Started 
Extraction setup Started 
<CMD> init_design
% Begin Load MMMC data ... (date=06/15 18:39:07, mem=637.6M)
Extraction setup Started 
Extraction setup Started 
Extraction setup Started 
<CMD> init_design
% Begin Load MMMC data ... (date=06/15 18:39:19, mem=637.7M)
Extraction setup Started 
Extraction setup Started 
Extraction setup Started 
<CMD> init_design
% Begin Load MMMC data ... (date=06/15 18:39:20, mem=637.7M)
Extraction setup Started 
Extraction setup Started 
Extraction setup Started 
<CMD> init_design
% Begin Load MMMC data ... (date=06/15 18:39:21, mem=637.7M)
Extraction setup Started 
Extraction setup Started 
Extraction setup Started 
<CMD> init_design
% Begin Load MMMC data ... (date=06/15 18:39:22, mem=637.8M)
Extraction setup Started 
Extraction setup Started 
Extraction setup Started 
<CMD> init_design
% Begin Load MMMC data ... (date=06/15 18:39:22, mem=637.8M)
Extraction setup Started 
Extraction setup Started 
Extraction setup Started 
<CMD> init_design
% Begin Load MMMC data ... (date=06/15 18:39:23, mem=637.8M)
Extraction setup Started 
Extraction setup Started 
Extraction setup Started 
<CMD> init_design
% Begin Load MMMC data ... (date=06/15 18:39:24, mem=637.8M)
Extraction setup Started 
Extraction setup Started 
Extraction setup Started 
<CMD> init_design
% Begin Load MMMC data ... (date=06/15 18:39:24, mem=637.9M)
Extraction setup Started 
Extraction setup Started 
Extraction setup Started 
<CMD> init_design
% Begin Load MMMC data ... (date=06/15 18:39:25, mem=637.9M)
Extraction setup Started 
Extraction setup Started 
Extraction setup Started 
<CMD> init_design
% Begin Load MMMC data ... (date=06/15 18:39:26, mem=637.9M)
Extraction setup Started 
Extraction setup Started 
Extraction setup Started 
**INFO (INTERRUPT): The current script will stop before next command.
**INFO (INTERRUPT): One more Ctrl-C to exit Innovus ...
Innovus terminated by user interrupt.

*** Memory Usage v#2 (Current mem = 811.980M, initial mem = 280.285M) ***
*** Message Summary: 0 warning(s), 20 error(s)

--- Ending "Innovus" (totcpu=0:02:16, real=0:07:43, mem=812.0M) ---
