#
# There is insufficient memory for the Java Runtime Environment to continue.
# Native memory allocation (mmap) failed to map 32682016768 bytes for committing reserved memory.
# Possible reasons:
#   The system is out of physical RAM or swap space
#   In 32 bit mode, the process size limit was hit
# Possible solutions:
#   Reduce memory load on the system
#   Increase physical memory or swap space
#   Check if swap backing store is full
#   Use 64 bit Java on a 64 bit OS
#   Decrease Java heap size (-Xmx/-Xms)
#   Decrease number of Java threads
#   Decrease Java thread stack sizes (-Xss)
#   Set larger code cache with -XX:ReservedCodeCacheSize=
# This output file may be truncated or incomplete.
#
#  Out of Memory Error (os_linux.cpp:2640), pid=31976, tid=0x00007fbdadc76700
#
# JRE version:  (8.0_131-b11) (build )
# Java VM: Java HotSpot(TM) 64-Bit Server VM (25.131-b11 mixed mode linux-amd64 compressed oops)
# Failed to write core dump. Core dumps have been disabled. To enable core dumping, try "ulimit -c unlimited" before starting Java again
#

---------------  T H R E A D  ---------------

Current thread (0x00007fbda4009800):  JavaThread "Unknown thread" [_thread_in_vm, id=31980, stack(0x00007fbdadb77000,0x00007fbdadc77000)]

Stack: [0x00007fbdadb77000,0x00007fbdadc77000],  sp=0x00007fbdadc75330,  free space=1016k
Native frames: (J=compiled Java code, j=interpreted, Vv=VM code, C=native code)
V  [libjvm.so+0xac826a]  VMError::report_and_die()+0x2ba
V  [libjvm.so+0x4fd4cb]  report_vm_out_of_memory(char const*, int, unsigned long, VMErrorType, char const*)+0x8b
V  [libjvm.so+0x924f53]  os::Linux::commit_memory_impl(char*, unsigned long, bool)+0x103
V  [libjvm.so+0x9254a9]  os::pd_commit_memory(char*, unsigned long, unsigned long, bool)+0x29
V  [libjvm.so+0x91f6ca]  os::commit_memory(char*, unsigned long, unsigned long, bool)+0x2a
V  [libjvm.so+0xac3fc9]  VirtualSpace::expand_by(unsigned long, bool)+0x199
V  [libjvm.so+0xac4b1e]  VirtualSpace::initialize(ReservedSpace, unsigned long)+0xee
V  [libjvm.so+0x5fb921]  CardGeneration::CardGeneration(ReservedSpace, unsigned long, int, GenRemSet*)+0xf1
V  [libjvm.so+0x4e6b9e]  ConcurrentMarkSweepGeneration::ConcurrentMarkSweepGeneration(ReservedSpace, unsigned long, int, CardTableRS*, bool, FreeBlockDictionary<FreeChunk>::DictionaryChoice)+0x4e
V  [libjvm.so+0x5fc9e2]  GenerationSpec::init(ReservedSpace, int, GenRemSet*)+0xf2
V  [libjvm.so+0x5eb81e]  GenCollectedHeap::initialize()+0x1de
V  [libjvm.so+0xa902e3]  Universe::initialize_heap()+0xf3
V  [libjvm.so+0xa9084e]  universe_init()+0x3e
V  [libjvm.so+0x63e3e5]  init_globals()+0x65
V  [libjvm.so+0xa73f3e]  Threads::create_vm(JavaVMInitArgs*, bool*)+0x23e
V  [libjvm.so+0x6d2ce4]  JNI_CreateJavaVM+0x74
C  [libjli.so+0x745e]  JavaMain+0x9e
C  [libpthread.so.0+0x7dd5]  start_thread+0xc5


---------------  P R O C E S S  ---------------

Java Threads: ( => current thread )

Other Threads:

=>0x00007fbda4009800 (exited) JavaThread "Unknown thread" [_thread_in_vm, id=31980, stack(0x00007fbdadb77000,0x00007fbdadc77000)]

VM state:not at safepoint (not fully initialized)

VM Mutex/Monitor currently owned by a thread: None

GC Heap History (0 events):
No events

Deoptimization events (0 events):
No events

Internal exceptions (0 events):
No events

Events (0 events):
No events


Dynamic libraries:
00400000-00401000 r-xp 00000000 00:2a 3018180                            /eda/mentor/2020-21/RHELx86/AMSV_2020.4/amsv/JRE/v1.8.0_131/aol/bin/java
00600000-00601000 rw-p 00000000 00:2a 3018180                            /eda/mentor/2020-21/RHELx86/AMSV_2020.4/amsv/JRE/v1.8.0_131/aol/bin/java
009f3000-00a14000 rw-p 00000000 00:00 0                                  [heap]
7fb59417f000-7fb59431f000 rw-p 00000000 00:00 0 
7fb59431f000-7fb597fff000 ---p 00000000 00:00 0 
7fb597fff000-7fb598000000 rw-p 00000000 00:00 0 
7fb598000000-7fb598021000 rw-p 00000000 00:00 0 
7fb598021000-7fb59c000000 ---p 00000000 00:00 0 
7fb59fe00000-7fb5a0000000 ---p 00000000 00:00 0 
7fb5a0000000-7fb5d4000000 rw-p 00000000 00:00 0 
7fbd70000000-7fbd70021000 rw-p 00000000 00:00 0 
7fbd70021000-7fbd74000000 ---p 00000000 00:00 0 
7fbd74000000-7fbd74021000 rw-p 00000000 00:00 0 
7fbd74021000-7fbd78000000 ---p 00000000 00:00 0 
7fbd78000000-7fbd78021000 rw-p 00000000 00:00 0 
7fbd78021000-7fbd7c000000 ---p 00000000 00:00 0 
7fbd7c000000-7fbd7c021000 rw-p 00000000 00:00 0 
7fbd7c021000-7fbd80000000 ---p 00000000 00:00 0 
7fbd80000000-7fbd80021000 rw-p 00000000 00:00 0 
7fbd80021000-7fbd84000000 ---p 00000000 00:00 0 
7fbd84000000-7fbd84021000 rw-p 00000000 00:00 0 
7fbd84021000-7fbd88000000 ---p 00000000 00:00 0 
7fbd88000000-7fbd88021000 rw-p 00000000 00:00 0 
7fbd88021000-7fbd8c000000 ---p 00000000 00:00 0 
7fbd8c000000-7fbd8c021000 rw-p 00000000 00:00 0 
7fbd8c021000-7fbd90000000 ---p 00000000 00:00 0 
7fbd90000000-7fbd90021000 rw-p 00000000 00:00 0 
7fbd90021000-7fbd94000000 ---p 00000000 00:00 0 
7fbd95000000-7fbd95270000 rwxp 00000000 00:00 0 
7fbd95270000-7fbda4000000 ---p 00000000 00:00 0 
7fbda4000000-7fbda4047000 rw-p 00000000 00:00 0 
7fbda4047000-7fbda8000000 ---p 00000000 00:00 0 
7fbda98c7000-7fbdaa558000 rw-p 00000000 00:00 0 
7fbdaa558000-7fbdaa559000 ---p 00000000 00:00 0 
7fbdaa559000-7fbdaa659000 rw-p 00000000 00:00 0 
7fbdaa659000-7fbdaa65a000 ---p 00000000 00:00 0 
7fbdaa65a000-7fbdaa75a000 rw-p 00000000 00:00 0 
7fbdaa75a000-7fbdaa75b000 ---p 00000000 00:00 0 
7fbdaa75b000-7fbdaa85b000 rw-p 00000000 00:00 0 
7fbdaa85b000-7fbdaa85c000 ---p 00000000 00:00 0 
7fbdaa85c000-7fbdaa95c000 rw-p 00000000 00:00 0 
7fbdaa95c000-7fbdaa95d000 ---p 00000000 00:00 0 
7fbdaa95d000-7fbdaaa5d000 rw-p 00000000 00:00 0 
7fbdaaa5d000-7fbdaaa5e000 ---p 00000000 00:00 0 
7fbdaaa5e000-7fbdaab5e000 rw-p 00000000 00:00 0 
7fbdaab5e000-7fbdaab5f000 ---p 00000000 00:00 0 
7fbdaab5f000-7fbdaac5f000 rw-p 00000000 00:00 0 
7fbdaac5f000-7fbdaac60000 ---p 00000000 00:00 0 
7fbdaac60000-7fbdaad60000 rw-p 00000000 00:00 0 
7fbdaad60000-7fbdaad61000 ---p 00000000 00:00 0 
7fbdaad61000-7fbdaae61000 rw-p 00000000 00:00 0 
7fbdaae61000-7fbdaae62000 ---p 00000000 00:00 0 
7fbdaae62000-7fbdaaf6c000 rw-p 00000000 00:00 0 
7fbdaaf6c000-7fbdab322000 ---p 00000000 00:00 0 
7fbdab322000-7fbdab33c000 r-xp 00000000 00:2a 3018257                    /eda/mentor/2020-21/RHELx86/AMSV_2020.4/amsv/JRE/v1.8.0_131/aol/lib/amd64/libzip.so
7fbdab33c000-7fbdab53c000 ---p 0001a000 00:2a 3018257                    /eda/mentor/2020-21/RHELx86/AMSV_2020.4/amsv/JRE/v1.8.0_131/aol/lib/amd64/libzip.so
7fbdab53c000-7fbdab53d000 rw-p 0001a000 00:2a 3018257                    /eda/mentor/2020-21/RHELx86/AMSV_2020.4/amsv/JRE/v1.8.0_131/aol/lib/amd64/libzip.so
7fbdab53d000-7fbdab549000 r-xp 00000000 fd:00 134342947                  /usr/lib64/libnss_files-2.17.so
7fbdab549000-7fbdab748000 ---p 0000c000 fd:00 134342947                  /usr/lib64/libnss_files-2.17.so
7fbdab748000-7fbdab749000 r--p 0000b000 fd:00 134342947                  /usr/lib64/libnss_files-2.17.so
7fbdab749000-7fbdab74a000 rw-p 0000c000 fd:00 134342947                  /usr/lib64/libnss_files-2.17.so
7fbdab74a000-7fbdab750000 rw-p 00000000 00:00 0 
7fbdab750000-7fbdab77b000 r-xp 00000000 00:2a 3018222                    /eda/mentor/2020-21/RHELx86/AMSV_2020.4/amsv/JRE/v1.8.0_131/aol/lib/amd64/libjava.so
7fbdab77b000-7fbdab97a000 ---p 0002b000 00:2a 3018222                    /eda/mentor/2020-21/RHELx86/AMSV_2020.4/amsv/JRE/v1.8.0_131/aol/lib/amd64/libjava.so
7fbdab97a000-7fbdab97c000 rw-p 0002a000 00:2a 3018222                    /eda/mentor/2020-21/RHELx86/AMSV_2020.4/amsv/JRE/v1.8.0_131/aol/lib/amd64/libjava.so
7fbdab97c000-7fbdab989000 r-xp 00000000 00:2a 3018256                    /eda/mentor/2020-21/RHELx86/AMSV_2020.4/amsv/JRE/v1.8.0_131/aol/lib/amd64/libverify.so
7fbdab989000-7fbdabb88000 ---p 0000d000 00:2a 3018256                    /eda/mentor/2020-21/RHELx86/AMSV_2020.4/amsv/JRE/v1.8.0_131/aol/lib/amd64/libverify.so
7fbdabb88000-7fbdabb8a000 rw-p 0000c000 00:2a 3018256                    /eda/mentor/2020-21/RHELx86/AMSV_2020.4/amsv/JRE/v1.8.0_131/aol/lib/amd64/libverify.so
7fbdabb8a000-7fbdabb91000 r-xp 00000000 fd:00 134342964                  /usr/lib64/librt-2.17.so
7fbdabb91000-7fbdabd90000 ---p 00007000 fd:00 134342964                  /usr/lib64/librt-2.17.so
7fbdabd90000-7fbdabd91000 r--p 00006000 fd:00 134342964                  /usr/lib64/librt-2.17.so
7fbdabd91000-7fbdabd92000 rw-p 00007000 fd:00 134342964                  /usr/lib64/librt-2.17.so
7fbdabd92000-7fbdabe93000 r-xp 00000000 fd:00 134342936                  /usr/lib64/libm-2.17.so
7fbdabe93000-7fbdac092000 ---p 00101000 fd:00 134342936                  /usr/lib64/libm-2.17.so
7fbdac092000-7fbdac093000 r--p 00100000 fd:00 134342936                  /usr/lib64/libm-2.17.so
7fbdac093000-7fbdac094000 rw-p 00101000 fd:00 134342936                  /usr/lib64/libm-2.17.so
7fbdac094000-7fbdacd63000 r-xp 00000000 00:2a 3018260                    /eda/mentor/2020-21/RHELx86/AMSV_2020.4/amsv/JRE/v1.8.0_131/aol/lib/amd64/server/libjvm.so
7fbdacd63000-7fbdacf63000 ---p 00ccf000 00:2a 3018260                    /eda/mentor/2020-21/RHELx86/AMSV_2020.4/amsv/JRE/v1.8.0_131/aol/lib/amd64/server/libjvm.so
7fbdacf63000-7fbdad03c000 rw-p 00ccf000 00:2a 3018260                    /eda/mentor/2020-21/RHELx86/AMSV_2020.4/amsv/JRE/v1.8.0_131/aol/lib/amd64/server/libjvm.so
7fbdad03c000-7fbdad087000 rw-p 00000000 00:00 0 
7fbdad087000-7fbdad249000 r-xp 00000000 fd:00 134342928                  /usr/lib64/libc-2.17.so
7fbdad249000-7fbdad449000 ---p 001c2000 fd:00 134342928                  /usr/lib64/libc-2.17.so
7fbdad449000-7fbdad44d000 r--p 001c2000 fd:00 134342928                  /usr/lib64/libc-2.17.so
7fbdad44d000-7fbdad44f000 rw-p 001c6000 fd:00 134342928                  /usr/lib64/libc-2.17.so
7fbdad44f000-7fbdad454000 rw-p 00000000 00:00 0 
7fbdad454000-7fbdad456000 r-xp 00000000 fd:00 134342934                  /usr/lib64/libdl-2.17.so
7fbdad456000-7fbdad656000 ---p 00002000 fd:00 134342934                  /usr/lib64/libdl-2.17.so
7fbdad656000-7fbdad657000 r--p 00002000 fd:00 134342934                  /usr/lib64/libdl-2.17.so
7fbdad657000-7fbdad658000 rw-p 00003000 fd:00 134342934                  /usr/lib64/libdl-2.17.so
7fbdad658000-7fbdad66d000 r-xp 00000000 00:2a 3018197                    /eda/mentor/2020-21/RHELx86/AMSV_2020.4/amsv/JRE/v1.8.0_131/aol/lib/amd64/jli/libjli.so
7fbdad66d000-7fbdad86d000 ---p 00015000 00:2a 3018197                    /eda/mentor/2020-21/RHELx86/AMSV_2020.4/amsv/JRE/v1.8.0_131/aol/lib/amd64/jli/libjli.so
7fbdad86d000-7fbdad86e000 rw-p 00015000 00:2a 3018197                    /eda/mentor/2020-21/RHELx86/AMSV_2020.4/amsv/JRE/v1.8.0_131/aol/lib/amd64/jli/libjli.so
7fbdad86e000-7fbdad885000 r-xp 00000000 fd:00 134342960                  /usr/lib64/libpthread-2.17.so
7fbdad885000-7fbdada84000 ---p 00017000 fd:00 134342960                  /usr/lib64/libpthread-2.17.so
7fbdada84000-7fbdada85000 r--p 00016000 fd:00 134342960                  /usr/lib64/libpthread-2.17.so
7fbdada85000-7fbdada86000 rw-p 00017000 fd:00 134342960                  /usr/lib64/libpthread-2.17.so
7fbdada86000-7fbdada8a000 rw-p 00000000 00:00 0 
7fbdada8a000-7fbdadaac000 r-xp 00000000 fd:00 134342922                  /usr/lib64/ld-2.17.so
7fbdadb76000-7fbdadb7a000 ---p 00000000 00:00 0 
7fbdadb7a000-7fbdadc7c000 rw-p 00000000 00:00 0 
7fbdadc9b000-7fbdadca0000 rw-p 00000000 00:00 0 
7fbdadca0000-7fbdadca8000 rw-s 00000000 fd:00 79661894                   /tmp/hsperfdata_ms23.52/31976
7fbdadca8000-7fbdadca9000 rw-p 00000000 00:00 0 
7fbdadca9000-7fbdadcaa000 r--p 00000000 00:00 0 
7fbdadcaa000-7fbdadcab000 rw-p 00000000 00:00 0 
7fbdadcab000-7fbdadcac000 r--p 00021000 fd:00 134342922                  /usr/lib64/ld-2.17.so
7fbdadcac000-7fbdadcad000 rw-p 00022000 fd:00 134342922                  /usr/lib64/ld-2.17.so
7fbdadcad000-7fbdadcae000 rw-p 00000000 00:00 0 
7fff32e86000-7fff32ea8000 rw-p 00000000 00:00 0                          [stack]
7fff32f93000-7fff32f95000 r-xp 00000000 00:00 0                          [vdso]
ffffffffff600000-ffffffffff601000 r-xp 00000000 00:00 0                  [vsyscall]

VM Arguments:
jvm_args: -DMGC_TMPDIR=/tmp -DAMS_WDBSERVER_INFO=/home/ms23.52/.ezwave/jwdbserver.info -DAMS_WDBSERVER_TIMEOUT=60 -DEZ_HOME=/home/ms23.52 -DMGC_AMS_HOME=/eda/mentor/2020-21/RHELx86/AMSV_2020.4/amsv -DAMS_VCO=aol -Djava.library.path=/eda/mentor/2020-21/RHELx86/AMSV_2020.4/amsv/aol/lib/lib -Xrs -Xms32000M -Xmx32000M -XX:+UseConcMarkSweepGC -XX:+UseParNewGC -XX:CMSInitiatingOccupancyFraction=30 -XX:+UseCMSInitiatingOccupancyOnly -XX:-UseGCOverheadLimit -XX:+OptimizeStringConcat 
java_command: /eda/mentor/2020-21/RHELx86/AMSV_2020.4/amsv/aol/lib/wdbserver.jar
java_class_path (initial): /eda/mentor/2020-21/RHELx86/AMSV_2020.4/amsv/aol/lib/wdbserver.jar
Launcher Type: SUN_STANDARD

Environment Variables:
PATH=/eda/mentor/2020-21/RHELx86/AMSV_2020.4/amsv/bin:/eda/mentor/2020-21/RHELx86/AMSV_2020.4/amsv/devenv_tools/aol/bin:/eda/mentor/2020-21/RHELx86/AMSV_2020.4/amsv/modeltech/linux_x86_64:/usr/lib64/qt-3.3/bin:/usr/local/bin:/usr/bin:/home/ms23.52/.local/share/kitty-ssh-kitten/kitty/bin:/usr/local/sbin:/usr/sbin:/home/ms23.52/.local/bin:/home/ms23.52/bin:/eda/mentor/2020-21/RHELx86/AMSV_2020.4/amsv/bin:/eda/mentor/2020-21/RHELx86/AMSV_2020.4/amsv/modeltech/bin
LD_LIBRARY_PATH=/eda/mentor/2020-21/RHELx86/AMSV_2020.4/amsv/devenv_tools/aol/lib64:/eda/mentor/2020-21/RHELx86/AMSV_2020.4/amsv/devenv_tools/aol/lib64:/eda/mentor/2020-21/RHELx86/AMSV_2020.4/amsv/devenv_tools/aol/lib:/eda/mentor/2020-21/RHELx86/AMSV_2020.4/amsv/devenv_tools/aol/lib:/eda/mentor/2020-21/RHELx86/AMSV_2020.4/amsv/aol/lib/patch_rhe:/eda/mentor/2020-21/RHELx86/AMSV_2020.4/amsv/modeltech/linux_x86_64:/eda/mentor/2020-21/RHELx86/AMSV_2020.4/amsv/aol/lib:
SHELL=/bin/bash
DISPLAY=localhost_31544:0.0

Signal Handlers:
SIGSEGV: [libjvm.so+0xac8af0], sa_mask[0]=11111111011111111101111111111110, sa_flags=SA_RESTART|SA_SIGINFO
SIGBUS: [libjvm.so+0xac8af0], sa_mask[0]=11111111011111111101111111111110, sa_flags=SA_RESTART|SA_SIGINFO
SIGFPE: [libjvm.so+0x921dd0], sa_mask[0]=11111111011111111101111111111110, sa_flags=SA_RESTART|SA_SIGINFO
SIGPIPE: [libjvm.so+0x921dd0], sa_mask[0]=11111111011111111101111111111110, sa_flags=SA_RESTART|SA_SIGINFO
SIGXFSZ: [libjvm.so+0x921dd0], sa_mask[0]=11111111011111111101111111111110, sa_flags=SA_RESTART|SA_SIGINFO
SIGILL: [libjvm.so+0x921dd0], sa_mask[0]=11111111011111111101111111111110, sa_flags=SA_RESTART|SA_SIGINFO
SIGUSR1: SIG_DFL, sa_mask[0]=00000000000000000000000000000000, sa_flags=none
SIGUSR2: [libjvm.so+0x923610], sa_mask[0]=00000000000000000000000000000000, sa_flags=SA_RESTART|SA_SIGINFO
SIGHUP: SIG_DFL, sa_mask[0]=00000000000000000000000000000000, sa_flags=none
SIGINT: SIG_IGN, sa_mask[0]=00000000000000000000000000000000, sa_flags=none
SIGTERM: SIG_DFL, sa_mask[0]=00000000000000000000000000000000, sa_flags=none
SIGQUIT: SIG_DFL, sa_mask[0]=00000000000000000000000000000000, sa_flags=none


---------------  S Y S T E M  ---------------

OS:CentOS Linux release 7.6.1810 (Core) 

uname:Linux 3.10.0-957.5.1.el7.x86_64 #1 SMP Fri Feb 1 14:54:57 UTC 2019 x86_64
libc:glibc 2.17 NPTL 2.17 
rlimit: STACK 10240k, CORE 0k, NPROC 4096, NOFILE 4096, AS infinity
load average:11.24 10.49 10.27

/proc/meminfo:
MemTotal:       65975116 kB
MemFree:        11073996 kB
MemAvailable:   26012856 kB
Buffers:            2108 kB
Cached:         11938332 kB
SwapCached:            0 kB
Active:         41961104 kB
Inactive:        6720224 kB
Active(anon):   36794168 kB
Inactive(anon):   831252 kB
Active(file):    5166936 kB
Inactive(file):  5888972 kB
Unevictable:          48 kB
Mlocked:              48 kB
SwapTotal:       4063228 kB
SwapFree:        4063228 kB
Dirty:               400 kB
Writeback:             0 kB
AnonPages:      36738908 kB
Mapped:          1562144 kB
Shmem:            884532 kB
Slab:            4831920 kB
SReclaimable:    4412764 kB
SUnreclaim:       419156 kB
KernelStack:       98656 kB
PageTables:       626772 kB
NFS_Unstable:          0 kB
Bounce:                0 kB
WritebackTmp:          0 kB
CommitLimit:    37050784 kB
Committed_AS:   284547888 kB
VmallocTotal:   34359738367 kB
VmallocUsed:      121020 kB
VmallocChunk:   34359610832 kB
HardwareCorrupted:     0 kB
AnonHugePages:  14354432 kB
CmaTotal:              0 kB
CmaFree:               0 kB
HugePages_Total:       0
HugePages_Free:        0
HugePages_Rsvd:        0
HugePages_Surp:        0
Hugepagesize:       2048 kB
DirectMap4k:      176112 kB
DirectMap2M:    66932736 kB


CPU:total 12 (initial active 12) (1 cores per cpu, 1 threads per core) family 6 model 26 stepping 3, cmov, cx8, fxsr, mmx, sse, sse2, sse3, ssse3, sse4.1, sse4.2, popcnt, tsc

/proc/cpuinfo:
processor	: 0
vendor_id	: GenuineIntel
cpu family	: 6
model		: 26
model name	: Intel Core i7 9xx (Nehalem Class Core i7)
stepping	: 3
microcode	: 0x1
cpu MHz		: 1994.996
cache size	: 4096 KB
physical id	: 0
siblings	: 1
core id		: 0
cpu cores	: 1
apicid		: 0
initial apicid	: 0
fpu		: yes
fpu_exception	: yes
cpuid level	: 4
wp		: yes
flags		: fpu de pse tsc msr pae mce cx8 apic sep mtrr pge mca cmov pat pse36 clflush mmx fxsr sse sse2 syscall nx lm constant_tsc nopl eagerfpu pni ssse3 cx16 sse4_1 sse4_2 x2apic popcnt hypervisor lahf_lm
bogomips	: 3989.99
clflush size	: 64
cache_alignment	: 64
address sizes	: 44 bits physical, 48 bits virtual
power management:

processor	: 1
vendor_id	: GenuineIntel
cpu family	: 6
model		: 26
model name	: Intel Core i7 9xx (Nehalem Class Core i7)
stepping	: 3
microcode	: 0x1
cpu MHz		: 1994.996
cache size	: 4096 KB
physical id	: 1
siblings	: 1
core id		: 0
cpu cores	: 1
apicid		: 1
initial apicid	: 1
fpu		: yes
fpu_exception	: yes
cpuid level	: 4
wp		: yes
flags		: fpu de pse tsc msr pae mce cx8 apic sep mtrr pge mca cmov pat pse36 clflush mmx fxsr sse sse2 syscall nx lm constant_tsc nopl eagerfpu pni ssse3 cx16 sse4_1 sse4_2 x2apic popcnt hypervisor lahf_lm
bogomips	: 3989.99
clflush size	: 64
cache_alignment	: 64
address sizes	: 44 bits physical, 48 bits virtual
power management:

processor	: 2
vendor_id	: GenuineIntel
cpu family	: 6
model		: 26
model name	: Intel Core i7 9xx (Nehalem Class Core i7)
stepping	: 3
microcode	: 0x1
cpu MHz		: 1994.996
cache size	: 4096 KB
physical id	: 2
siblings	: 1
core id		: 0
cpu cores	: 1
apicid		: 2
initial apicid	: 2
fpu		: yes
fpu_exception	: yes
cpuid level	: 4
wp		: yes
flags		: fpu de pse tsc msr pae mce cx8 apic sep mtrr pge mca cmov pat pse36 clflush mmx fxsr sse sse2 syscall nx lm constant_tsc nopl eagerfpu pni ssse3 cx16 sse4_1 sse4_2 x2apic popcnt hypervisor lahf_lm
bogomips	: 3989.99
clflush size	: 64
cache_alignment	: 64
address sizes	: 44 bits physical, 48 bits virtual
power management:

processor	: 3
vendor_id	: GenuineIntel
cpu family	: 6
model		: 26
model name	: Intel Core i7 9xx (Nehalem Class Core i7)
stepping	: 3
microcode	: 0x1
cpu MHz		: 1994.996
cache size	: 4096 KB
physical id	: 3
siblings	: 1
core id		: 0
cpu cores	: 1
apicid		: 3
initial apicid	: 3
fpu		: yes
fpu_exception	: yes
cpuid level	: 4
wp		: yes
flags		: fpu de pse tsc msr pae mce cx8 apic sep mtrr pge mca cmov pat pse36 clflush mmx fxsr sse sse2 syscall nx lm constant_tsc nopl eagerfpu pni ssse3 cx16 sse4_1 sse4_2 x2apic popcnt hypervisor lahf_lm
bogomips	: 3989.99
clflush size	: 64
cache_alignment	: 64
address sizes	: 44 bits physical, 48 bits virtual
power management:

processor	: 4
vendor_id	: GenuineIntel
cpu family	: 6
model		: 26
model name	: Intel Core i7 9xx (Nehalem Class Core i7)
stepping	: 3
microcode	: 0x1
cpu MHz		: 1994.996
cache size	: 4096 KB
physical id	: 4
siblings	: 1
core id		: 0
cpu cores	: 1
apicid		: 4
initial apicid	: 4
fpu		: yes
fpu_exception	: yes
cpuid level	: 4
wp		: yes
flags		: fpu de pse tsc msr pae mce cx8 apic sep mtrr pge mca cmov pat pse36 clflush mmx fxsr sse sse2 syscall nx lm constant_tsc nopl eagerfpu pni ssse3 cx16 sse4_1 sse4_2 x2apic popcnt hypervisor lahf_lm
bogomips	: 3989.99
clflush size	: 64
cache_alignment	: 64
address sizes	: 44 bits physical, 48 bits virtual
power management:

processor	: 5
vendor_id	: GenuineIntel
cpu family	: 6
model		: 26
model name	: Intel Core i7 9xx (Nehalem Class Core i7)
stepping	: 3
microcode	: 0x1
cpu MHz		: 1994.996
cache size	: 4096 KB
physical id	: 5
siblings	: 1
core id		: 0
cpu cores	: 1
apicid		: 5
initial apicid	: 5
fpu		: yes
fpu_exception	: yes
cpuid level	: 4
wp		: yes
flags		: fpu de pse tsc msr pae mce cx8 apic sep mtrr pge mca cmov pat pse36 clflush mmx fxsr sse sse2 syscall nx lm constant_tsc nopl eagerfpu pni ssse3 cx16 sse4_1 sse4_2 x2apic popcnt hypervisor lahf_lm
bogomips	: 3989.99
clflush size	: 64
cache_alignment	: 64
address sizes	: 44 bits physical, 48 bits virtual
power management:

processor	: 6
vendor_id	: GenuineIntel
cpu family	: 6
model		: 26
model name	: Intel Core i7 9xx (Nehalem Class Core i7)
stepping	: 3
microcode	: 0x1
cpu MHz		: 1994.996
cache size	: 4096 KB
physical id	: 6
siblings	: 1
core id		: 0
cpu cores	: 1
apicid		: 6
initial apicid	: 6
fpu		: yes
fpu_exception	: yes
cpuid level	: 4
wp		: yes
flags		: fpu de pse tsc msr pae mce cx8 apic sep mtrr pge mca cmov pat pse36 clflush mmx fxsr sse sse2 syscall nx lm constant_tsc nopl eagerfpu pni ssse3 cx16 sse4_1 sse4_2 x2apic popcnt hypervisor lahf_lm
bogomips	: 3989.99
clflush size	: 64
cache_alignment	: 64
address sizes	: 44 bits physical, 48 bits virtual
power management:

processor	: 7
vendor_id	: GenuineIntel
cpu family	: 6
model		: 26
model name	: Intel Core i7 9xx (Nehalem Class Core i7)
stepping	: 3
microcode	: 0x1
cpu MHz		: 1994.996
cache size	: 4096 KB
physical id	: 7
siblings	: 1
core id		: 0
cpu cores	: 1
apicid		: 7
initial apicid	: 7
fpu		: yes
fpu_exception	: yes
cpuid level	: 4
wp		: yes
flags		: fpu de pse tsc msr pae mce cx8 apic sep mtrr pge mca cmov pat pse36 clflush mmx fxsr sse sse2 syscall nx lm constant_tsc nopl eagerfpu pni ssse3 cx16 sse4_1 sse4_2 x2apic popcnt hypervisor lahf_lm
bogomips	: 3989.99
clflush size	: 64
cache_alignment	: 64
address sizes	: 44 bits physical, 48 bits virtual
power management:

processor	: 8
vendor_id	: GenuineIntel
cpu family	: 6
model		: 26
model name	: Intel Core i7 9xx (Nehalem Class Core i7)
stepping	: 3
microcode	: 0x1
cpu MHz		: 1994.996
cache size	: 4096 KB
physical id	: 8
siblings	: 1
core id		: 0
cpu cores	: 1
apicid		: 8
initial apicid	: 8
fpu		: yes
fpu_exception	: yes
cpuid level	: 4
wp		: yes
flags		: fpu de pse tsc msr pae mce cx8 apic sep mtrr pge mca cmov pat pse36 clflush mmx fxsr sse sse2 syscall nx lm constant_tsc nopl eagerfpu pni ssse3 cx16 sse4_1 sse4_2 x2apic popcnt hypervisor lahf_lm
bogomips	: 3989.99
clflush size	: 64
cache_alignment	: 64
address sizes	: 44 bits physical, 48 bits virtual
power management:

processor	: 9
vendor_id	: GenuineIntel
cpu family	: 6
model		: 26
model name	: Intel Core i7 9xx (Nehalem Class Core i7)
stepping	: 3
microcode	: 0x1
cpu MHz		: 1994.996
cache size	: 4096 KB
physical id	: 9
siblings	: 1
core id		: 0
cpu cores	: 1
apicid		: 9
initial apicid	: 9
fpu		: yes
fpu_exception	: yes
cpuid level	: 4
wp		: yes
flags		: fpu de pse tsc msr pae mce cx8 apic sep mtrr pge mca cmov pat pse36 clflush mmx fxsr sse sse2 syscall nx lm constant_tsc nopl eagerfpu pni ssse3 cx16 sse4_1 sse4_2 x2apic popcnt hypervisor lahf_lm
bogomips	: 3989.99
clflush size	: 64
cache_alignment	: 64
address sizes	: 44 bits physical, 48 bits virtual
power management:

processor	: 10
vendor_id	: GenuineIntel
cpu family	: 6
model		: 26
model name	: Intel Core i7 9xx (Nehalem Class Core i7)
stepping	: 3
microcode	: 0x1
cpu MHz		: 1994.996
cache size	: 4096 KB
physical id	: 10
siblings	: 1
core id		: 0
cpu cores	: 1
apicid		: 10
initial apicid	: 10
fpu		: yes
fpu_exception	: yes
cpuid level	: 4
wp		: yes
flags		: fpu de pse tsc msr pae mce cx8 apic sep mtrr pge mca cmov pat pse36 clflush mmx fxsr sse sse2 syscall nx lm constant_tsc nopl eagerfpu pni ssse3 cx16 sse4_1 sse4_2 x2apic popcnt hypervisor lahf_lm
bogomips	: 3989.99
clflush size	: 64
cache_alignment	: 64
address sizes	: 44 bits physical, 48 bits virtual
power management:

processor	: 11
vendor_id	: GenuineIntel
cpu family	: 6
model		: 26
model name	: Intel Core i7 9xx (Nehalem Class Core i7)
stepping	: 3
microcode	: 0x1
cpu MHz		: 1994.996
cache size	: 4096 KB
physical id	: 11
siblings	: 1
core id		: 0
cpu cores	: 1
apicid		: 11
initial apicid	: 11
fpu		: yes
fpu_exception	: yes
cpuid level	: 4
wp		: yes
flags		: fpu de pse tsc msr pae mce cx8 apic sep mtrr pge mca cmov pat pse36 clflush mmx fxsr sse sse2 syscall nx lm constant_tsc nopl eagerfpu pni ssse3 cx16 sse4_1 sse4_2 x2apic popcnt hypervisor lahf_lm
bogomips	: 3989.99
clflush size	: 64
cache_alignment	: 64
address sizes	: 44 bits physical, 48 bits virtual
power management:



Memory: 4k page, physical 65975116k(11073624k free), swap 4063228k(4063228k free)

vm_info: Java HotSpot(TM) 64-Bit Server VM (25.131-b11) for linux-amd64 JRE (1.8.0_131-b11), built on Mar 15 2017 01:23:40 by "java_re" with gcc 4.3.0 20080428 (Red Hat 4.3.0-8)

time: Thu Jun  1 11:20:24 2023
elapsed time: 0 seconds (0d 0h 0m 0s)

