 
****************************************
Report : area
Design : BOOTHMUL
Version: S-2021.06-SP4
Date   : Tue Apr 18 18:47:53 2023
****************************************

Library(s) Used:

    NangateOpenCellLibrary (File: /home/mariagrazia.graziano/do/libnangate/NangateOpenCellLibrary_typical_ecsm.db)

Number of ports:                          842
Number of nets:                          1413
Number of cells:                          649
Number of combinational cells:            589
Number of sequential cells:                 0
Number of macros/black boxes:               0
Number of buf/inv:                        133
Number of references:                      23

Combinational area:                707.559999
Buf/Inv area:                       89.376000
Noncombinational area:               0.000000
Macro/Black Box area:                0.000000
Net Interconnect area:      undefined  (Wire load has zero net area)

Total cell area:                   707.559999
Total area:                 undefined
1
