Warning: Design 'P4_ADDER' has '1' unresolved references. For more detailed information, use the "link" command. (UID-341)
 
****************************************
Report : area
Design : P4_ADDER
Version: S-2021.06-SP4
Date   : Thu Apr 20 19:05:00 2023
****************************************

Library(s) Used:

    NangateOpenCellLibrary (File: /home/mariagrazia.graziano/do/libnangate/NangateOpenCellLibrary_typical_ecsm.db)

Number of ports:                          602
Number of nets:                           766
Number of cells:                          213
Number of combinational cells:            166
Number of sequential cells:                 8
Number of macros/black boxes:               0
Number of buf/inv:                         38
Number of references:                       2

Combinational area:                173.432000
Buf/Inv area:                       20.216000
Noncombinational area:               0.000000
Macro/Black Box area:                0.000000
Net Interconnect area:      undefined  (Wire load has zero net area)

Total cell area:                   173.432000
Total area:                 undefined

Information: This design contains black box (unknown) components. (RPT-8)
1
