 
****************************************
Report : area
Design : BOOTHMUL
Version: S-2021.06-SP4
Date   : Mon Apr 17 18:23:01 2023
****************************************

Library(s) Used:

    NangateOpenCellLibrary (File: /home/mariagrazia.graziano/do/libnangate/NangateOpenCellLibrary_typical_ecsm.db)

Number of ports:                         3478
Number of nets:                          5271
Number of cells:                         2079
Number of combinational cells:           1831
Number of sequential cells:                 0
Number of macros/black boxes:               0
Number of buf/inv:                        289
Number of references:                      32

Combinational area:               2414.216003
Buf/Inv area:                      163.058001
Noncombinational area:               0.000000
Macro/Black Box area:                0.000000
Net Interconnect area:      undefined  (Wire load has zero net area)

Total cell area:                  2414.216003
Total area:                 undefined
1
