Loading db file '/home/mariagrazia.graziano/do/libnangate/NangateOpenCellLibrary_typical_ecsm.db'
Information: Propagating switching activity (low effort zero delay simulation). (PWR-6)
Warning: Design has unannotated primary inputs. (PWR-414)
Warning: Design has unannotated sequential cell outputs. (PWR-415)
Warning: Design has unannotated black box outputs. (PWR-428)
 
****************************************
Report : power
        -analysis_effort low
Design : DLX
Version: S-2021.06-SP4
Date   : Tue Oct 17 20:27:53 2023
****************************************


Library(s) Used:

    NangateOpenCellLibrary (File: /home/mariagrazia.graziano/do/libnangate/NangateOpenCellLibrary_typical_ecsm.db)


Operating Conditions: typical   Library: NangateOpenCellLibrary
Wire Load Model Mode: top

Design        Wire Load Model            Library
------------------------------------------------
DLX                    5K_hvratio_1_4    NangateOpenCellLibrary


Global Operating Voltage = 1.1  
Power-specific unit information :
    Voltage Units = 1V
    Capacitance Units = 1.000000ff
    Time Units = 1ns
    Dynamic Power Units = 1uW    (derived from V,C,T units)
    Leakage Power Units = 1nW


  Cell Internal Power  =   6.6785 mW   (85%)
  Net Switching Power  =   1.1927 mW   (15%)
                         ---------
Total Dynamic Power    =   7.8712 mW  (100%)

Cell Leakage Power     = 315.3873 uW


                 Internal         Switching           Leakage            Total
Power Group      Power            Power               Power              Power   (   %    )  Attrs
--------------------------------------------------------------------------------------------------
io_pad             0.0000            0.0000            0.0000            0.0000  (   0.00%)
memory             0.0000            0.0000            0.0000            0.0000  (   0.00%)
black_box          0.0000            0.0000            0.0000            0.0000  (   0.00%)
clock_network  -8.9701e-01          653.5159           28.7064          652.6476 (   7.97%)
register       6.4976e+03           38.7147        1.1698e+05        6.6533e+03  (  81.27%)
sequential         4.5480            1.2999        3.8164e+03            9.6643  (   0.12%)
combinational    177.2811          499.1497        1.9456e+05          870.9871  (  10.64%)
--------------------------------------------------------------------------------------------------
Total          6.6785e+03 uW     1.1927e+03 uW     3.1539e+05 nW     8.1866e+03 uW
1
