Warning: Design 'DLX' has '1' unresolved references. For more detailed information, use the "link" command. (UID-341)
 
****************************************
Report : area
Design : DLX
Version: S-2021.06-SP4
Date   : Thu Oct 19 13:39:24 2023
****************************************

Library(s) Used:

    NangateOpenCellLibrary (File: /home/mariagrazia.graziano/do/libnangate/NangateOpenCellLibrary_typical_ecsm.db)

Number of ports:                         1779
Number of nets:                         11200
Number of cells:                         8366
Number of combinational cells:           6662
Number of sequential cells:              1628
Number of macros/black boxes:               0
Number of buf/inv:                       1745
Number of references:                       6

Combinational area:               7586.852069
Buf/Inv area:                     1178.911986
Noncombinational area:            8154.762258
Macro/Black Box area:                0.000000
Net Interconnect area:      undefined  (Wire load has zero net area)

Total cell area:                 15741.614327
Total area:                 undefined

Information: This design contains black box (unknown) components. (RPT-8)
1
