Loading db file '/home/mariagrazia.graziano/do/libnangate/NangateOpenCellLibrary_typical_ecsm.db'
Information: Propagating switching activity (low effort zero delay simulation). (PWR-6)
Warning: Design has unannotated primary inputs. (PWR-414)
Warning: Design has unannotated sequential cell outputs. (PWR-415)
Warning: Design has unannotated black box outputs. (PWR-428)
 
****************************************
Report : power
        -analysis_effort low
Design : DLX
Version: S-2021.06-SP4
Date   : Thu Oct 19 14:55:59 2023
****************************************


Library(s) Used:

    NangateOpenCellLibrary (File: /home/mariagrazia.graziano/do/libnangate/NangateOpenCellLibrary_typical_ecsm.db)


Operating Conditions: typical   Library: NangateOpenCellLibrary
Wire Load Model Mode: top

Design        Wire Load Model            Library
------------------------------------------------
DLX                    5K_hvratio_1_4    NangateOpenCellLibrary


Global Operating Voltage = 1.1  
Power-specific unit information :
    Voltage Units = 1V
    Capacitance Units = 1.000000ff
    Time Units = 1ns
    Dynamic Power Units = 1uW    (derived from V,C,T units)
    Leakage Power Units = 1nW


  Cell Internal Power  =   6.2833 mW   (85%)
  Net Switching Power  =   1.1230 mW   (15%)
                         ---------
Total Dynamic Power    =   7.4063 mW  (100%)

Cell Leakage Power     = 311.6652 uW


                 Internal         Switching           Leakage            Total
Power Group      Power            Power               Power              Power   (   %    )  Attrs
--------------------------------------------------------------------------------------------------
io_pad             0.0000            0.0000            0.0000            0.0000  (   0.00%)
memory             0.0000            0.0000            0.0000            0.0000  (   0.00%)
black_box          0.0000            0.0000            0.0000            0.0000  (   0.00%)
clock_network  -8.4434e-01          615.0894           28.7064          614.2737 (   7.96%)
register       6.1172e+03           36.6623        1.1690e+05        6.2707e+03  (  81.25%)
sequential         4.2001            1.0959        3.8160e+03            9.1120  (   0.12%)
combinational    162.8085          470.1181        1.9092e+05          823.8425  (  10.67%)
--------------------------------------------------------------------------------------------------
Total          6.2833e+03 uW     1.1230e+03 uW     3.1167e+05 nW     7.7179e+03 uW
1
